<?xml version="1.0" encoding="UTF-8"?>
<testsuite name="com.example.finalProject.FinalProjectApplicationTests" tests="1" skipped="0" failures="0" errors="0" timestamp="2023-04-21T01:09:47" hostname="DIANIS" time="0.314">
  <properties/>
  <testcase name="contextLoads()" classname="com.example.finalProject.FinalProjectApplicationTests" time="0.314"/>
  <system-out><![CDATA[20:09:34.993 [Test worker] DEBUG org.springframework.test.context.BootstrapUtils - Instantiating CacheAwareContextLoaderDelegate from class [org.springframework.test.context.cache.DefaultCacheAwareContextLoaderDelegate]
20:09:35.022 [Test worker] DEBUG org.springframework.test.context.BootstrapUtils - Instantiating BootstrapContext using constructor [public org.springframework.test.context.support.DefaultBootstrapContext(java.lang.Class,org.springframework.test.context.CacheAwareContextLoaderDelegate)]
20:09:35.132 [Test worker] DEBUG org.springframework.test.context.BootstrapUtils - Instantiating TestContextBootstrapper for test class [com.example.finalProject.FinalProjectApplicationTests] from class [org.springframework.boot.test.context.SpringBootTestContextBootstrapper]
20:09:35.164 [Test worker] INFO org.springframework.boot.test.context.SpringBootTestContextBootstrapper - Neither @ContextConfiguration nor @ContextHierarchy found for test class [com.example.finalProject.FinalProjectApplicationTests], using SpringBootContextLoader
20:09:35.174 [Test worker] DEBUG org.springframework.test.context.support.AbstractContextLoader - Did not detect default resource location for test class [com.example.finalProject.FinalProjectApplicationTests]: class path resource [com/example/finalProject/FinalProjectApplicationTests-context.xml] does not exist
20:09:35.176 [Test worker] DEBUG org.springframework.test.context.support.AbstractContextLoader - Did not detect default resource location for test class [com.example.finalProject.FinalProjectApplicationTests]: class path resource [com/example/finalProject/FinalProjectApplicationTestsContext.groovy] does not exist
20:09:35.177 [Test worker] INFO org.springframework.test.context.support.AbstractContextLoader - Could not detect default resource locations for test class [com.example.finalProject.FinalProjectApplicationTests]: no resource found for suffixes {-context.xml, Context.groovy}.
20:09:35.181 [Test worker] INFO org.springframework.test.context.support.AnnotationConfigContextLoaderUtils - Could not detect default configuration classes for test class [com.example.finalProject.FinalProjectApplicationTests]: FinalProjectApplicationTests does not declare any static, non-private, non-final, nested classes annotated with @Configuration.
20:09:35.303 [Test worker] DEBUG org.springframework.test.context.support.ActiveProfilesUtils - Could not find an 'annotation declaring class' for annotation type [org.springframework.test.context.ActiveProfiles] and class [com.example.finalProject.FinalProjectApplicationTests]
20:09:35.455 [Test worker] DEBUG org.springframework.context.annotation.ClassPathScanningCandidateComponentProvider - Identified candidate component class: file [C:\Users\Dianita LaHuerfanita\Documents\makaia\finalProject\build\classes\java\main\com\example\finalProject\FinalProjectApplication.class]
20:09:35.462 [Test worker] INFO org.springframework.boot.test.context.SpringBootTestContextBootstrapper - Found @SpringBootConfiguration com.example.finalProject.FinalProjectApplication for test class com.example.finalProject.FinalProjectApplicationTests
20:09:35.662 [Test worker] DEBUG org.springframework.boot.test.context.SpringBootTestContextBootstrapper - @TestExecutionListeners is not present for class [com.example.finalProject.FinalProjectApplicationTests]: using defaults.
20:09:35.663 [Test worker] INFO org.springframework.boot.test.context.SpringBootTestContextBootstrapper - Loaded default TestExecutionListener class names from location [META-INF/spring.factories]: [org.springframework.boot.test.autoconfigure.restdocs.RestDocsTestExecutionListener, org.springframework.boot.test.autoconfigure.web.client.MockRestServiceServerResetTestExecutionListener, org.springframework.boot.test.autoconfigure.web.servlet.MockMvcPrintOnlyOnFailureTestExecutionListener, org.springframework.boot.test.autoconfigure.web.servlet.WebDriverTestExecutionListener, org.springframework.boot.test.autoconfigure.webservices.client.MockWebServiceServerTestExecutionListener, org.springframework.boot.test.mock.mockito.MockitoTestExecutionListener, org.springframework.boot.test.mock.mockito.ResetMocksTestExecutionListener, org.springframework.test.context.web.ServletTestExecutionListener, org.springframework.test.context.support.DirtiesContextBeforeModesTestExecutionListener, org.springframework.test.context.event.ApplicationEventsTestExecutionListener, org.springframework.test.context.support.DependencyInjectionTestExecutionListener, org.springframework.test.context.support.DirtiesContextTestExecutionListener, org.springframework.test.context.transaction.TransactionalTestExecutionListener, org.springframework.test.context.jdbc.SqlScriptsTestExecutionListener, org.springframework.test.context.event.EventPublishingTestExecutionListener]
20:09:35.687 [Test worker] INFO org.springframework.boot.test.context.SpringBootTestContextBootstrapper - Using TestExecutionListeners: [org.springframework.test.context.web.ServletTestExecutionListener@5471388b, org.springframework.test.context.support.DirtiesContextBeforeModesTestExecutionListener@66ea1466, org.springframework.test.context.event.ApplicationEventsTestExecutionListener@1601e47, org.springframework.boot.test.mock.mockito.MockitoTestExecutionListener@3bffddff, org.springframework.boot.test.autoconfigure.SpringBootDependencyInjectionTestExecutionListener@66971f6b, org.springframework.test.context.support.DirtiesContextTestExecutionListener@50687efb, org.springframework.test.context.transaction.TransactionalTestExecutionListener@517bd097, org.springframework.test.context.jdbc.SqlScriptsTestExecutionListener@142eef62, org.springframework.test.context.event.EventPublishingTestExecutionListener@4a9cc6cb, org.springframework.boot.test.autoconfigure.restdocs.RestDocsTestExecutionListener@5990e6c5, org.springframework.boot.test.autoconfigure.web.client.MockRestServiceServerResetTestExecutionListener@56e07a08, org.springframework.boot.test.autoconfigure.web.servlet.MockMvcPrintOnlyOnFailureTestExecutionListener@35d6ca49, org.springframework.boot.test.autoconfigure.web.servlet.WebDriverTestExecutionListener@1950e8a6, org.springframework.boot.test.autoconfigure.webservices.client.MockWebServiceServerTestExecutionListener@47289387, org.springframework.boot.test.mock.mockito.ResetMocksTestExecutionListener@12cd9150]
20:09:35.694 [Test worker] DEBUG org.springframework.test.context.support.AbstractDirtiesContextTestExecutionListener - Before test class: context [DefaultTestContext@53499d85 testClass = FinalProjectApplicationTests, testInstance = [null], testMethod = [null], testException = [null], mergedContextConfiguration = [WebMergedContextConfiguration@30ed9c6c testClass = FinalProjectApplicationTests, locations = '{}', classes = '{class com.example.finalProject.FinalProjectApplication}', contextInitializerClasses = '[]', activeProfiles = '{}', propertySourceLocations = '{}', propertySourceProperties = '{org.springframework.boot.test.context.SpringBootTestContextBootstrapper=true}', contextCustomizers = set[org.springframework.boot.test.autoconfigure.actuate.metrics.MetricsExportContextCustomizerFactory$DisableMetricExportContextCustomizer@7f36662c, org.springframework.boot.test.autoconfigure.properties.PropertyMappingContextCustomizer@0, org.springframework.boot.test.autoconfigure.web.servlet.WebDriverContextCustomizerFactory$Customizer@53d102a2, org.springframework.boot.test.context.filter.ExcludeFilterContextCustomizer@42463763, org.springframework.boot.test.json.DuplicateJsonObjectContextCustomizerFactory$DuplicateJsonObjectContextCustomizer@67c2e933, org.springframework.boot.test.mock.mockito.MockitoContextCustomizer@0, org.springframework.boot.test.web.client.TestRestTemplateContextCustomizer@fc258b1, org.springframework.boot.test.context.SpringBootTestArgs@1, org.springframework.boot.test.context.SpringBootTestWebEnvironment@3cebbb30], resourceBasePath = 'src/main/webapp', contextLoader = 'org.springframework.boot.test.context.SpringBootContextLoader', parent = [null]], attributes = map['org.springframework.test.context.web.ServletTestExecutionListener.activateListener' -> true]], class annotated with @DirtiesContext [false] with mode [null].

  .   ____          _            __ _ _
 /\\ / ___'_ __ _ _(_)_ __  __ _ \ \ \ \
( ( )\___ | '_ | '_| | '_ \/ _` | \ \ \ \
 \\/  ___)| |_)| | | | | || (_| |  ) ) ) )
  '  |____| .__|_| |_|_| |_\__, | / / / /
 =========|_|==============|___/=/_/_/_/
 :: Spring Boot ::      (v2.7.10-SNAPSHOT)

2023-04-20 20:09:36.220  INFO 8952 --- [    Test worker] c.e.f.FinalProjectApplicationTests       : Starting FinalProjectApplicationTests using Java 17.0.6 on DIANIS with PID 8952 (started by Dianita LaHuerfanita in C:\Users\Dianita LaHuerfanita\Documents\makaia\finalProject)
2023-04-20 20:09:36.222  INFO 8952 --- [    Test worker] c.e.f.FinalProjectApplicationTests       : No active profile set, falling back to 1 default profile: "default"
2023-04-20 20:09:37.996  INFO 8952 --- [    Test worker] .s.d.r.c.RepositoryConfigurationDelegate : Bootstrapping Spring Data JPA repositories in DEFAULT mode.
2023-04-20 20:09:38.280  INFO 8952 --- [    Test worker] .s.d.r.c.RepositoryConfigurationDelegate : Finished Spring Data repository scanning in 236 ms. Found 4 JPA repository interfaces.
2023-04-20 20:09:40.408  INFO 8952 --- [    Test worker] o.hibernate.jpa.internal.util.LogHelper  : HHH000204: Processing PersistenceUnitInfo [name: default]
2023-04-20 20:09:40.515  INFO 8952 --- [    Test worker] org.hibernate.Version                    : HHH000412: Hibernate ORM core version 5.6.15.Final
2023-04-20 20:09:40.859  INFO 8952 --- [    Test worker] o.hibernate.annotations.common.Version   : HCANN000001: Hibernate Commons Annotations {5.1.2.Final}
2023-04-20 20:09:41.073  INFO 8952 --- [    Test worker] com.zaxxer.hikari.HikariDataSource       : HikariPool-1 - Starting...
2023-04-20 20:09:41.552  INFO 8952 --- [    Test worker] com.zaxxer.hikari.HikariDataSource       : HikariPool-1 - Start completed.
2023-04-20 20:09:41.601  INFO 8952 --- [    Test worker] org.hibernate.dialect.Dialect            : HHH000400: Using dialect: org.hibernate.dialect.MySQL8Dialect
2023-04-20 20:09:43.075  INFO 8952 --- [    Test worker] o.h.e.t.j.p.i.JtaPlatformInitiator       : HHH000490: Using JtaPlatform implementation: [org.hibernate.engine.transaction.jta.platform.internal.NoJtaPlatform]
2023-04-20 20:09:43.096  INFO 8952 --- [    Test worker] j.LocalContainerEntityManagerFactoryBean : Initialized JPA EntityManagerFactory for persistence unit 'default'
2023-04-20 20:09:44.567  WARN 8952 --- [    Test worker] JpaBaseConfiguration$JpaWebConfiguration : spring.jpa.open-in-view is enabled by default. Therefore, database queries may be performed during view rendering. Explicitly configure spring.jpa.open-in-view to disable this warning
2023-04-20 20:09:45.713  INFO 8952 --- [    Test worker] o.s.s.web.DefaultSecurityFilterChain     : Will secure any request with [org.springframework.security.web.session.DisableEncodeUrlFilter@4fa3bebe, org.springframework.security.web.context.request.async.WebAsyncManagerIntegrationFilter@63767d, org.springframework.security.web.context.SecurityContextPersistenceFilter@7ca2319f, org.springframework.security.web.header.HeaderWriterFilter@6e4ac3f5, org.springframework.security.web.authentication.logout.LogoutFilter@37289e90, org.springframework.security.web.authentication.www.BasicAuthenticationFilter@66e44f9f, org.springframework.security.web.savedrequest.RequestCacheAwareFilter@4d21b505, org.springframework.security.web.servletapi.SecurityContextHolderAwareRequestFilter@20e25bf7, org.springframework.security.web.authentication.AnonymousAuthenticationFilter@6aa85fcf, org.springframework.security.web.session.SessionManagementFilter@38224635, org.springframework.security.web.access.ExceptionTranslationFilter@25639668, org.springframework.security.web.access.intercept.AuthorizationFilter@599fab92]
2023-04-20 20:09:47.276  INFO 8952 --- [    Test worker] c.e.f.FinalProjectApplicationTests       : Started FinalProjectApplicationTests in 11.513 seconds (JVM running for 13.893)
]]></system-out>
  <system-err><![CDATA[]]></system-err>
</testsuite>
