<?xml version="1.0" encoding="UTF-8"?>
<testsuite name="com.example.finalProject.Services.EnvioServiceTest" tests="22" skipped="0" failures="0" errors="0" timestamp="2023-05-04T23:23:04" hostname="DIANIS" time="0.206">
  <properties/>
  <testcase name="actualizarEstadoEnvioAEnRuta()" classname="com.example.finalProject.Services.EnvioServiceTest" time="0.123"/>
  <testcase name="actualizarEstadoEnvioAEntregado()" classname="com.example.finalProject.Services.EnvioServiceTest" time="0.003"/>
  <testcase name="obtenerEnviosPorEstadoClienteNoTieneEnvios()" classname="com.example.finalProject.Services.EnvioServiceTest" time="0.004"/>
  <testcase name="crearEnvioDatosIncorrectos()" classname="com.example.finalProject.Services.EnvioServiceTest" time="0.002"/>
  <testcase name="eliminarEnvio()" classname="com.example.finalProject.Services.EnvioServiceTest" time="0.003"/>
  <testcase name="actualizarEstadoEnvioIncumpleValidaciones()" classname="com.example.finalProject.Services.EnvioServiceTest" time="0.002"/>
  <testcase name="obtenerEnvioNoExiste()" classname="com.example.finalProject.Services.EnvioServiceTest" time="0.003"/>
  <testcase name="obtenerEnvio()" classname="com.example.finalProject.Services.EnvioServiceTest" time="0.005"/>
  <testcase name="eliminarEnvioInexistente()" classname="com.example.finalProject.Services.EnvioServiceTest" time="0.001"/>
  <testcase name="calcularValor()" classname="com.example.finalProject.Services.EnvioServiceTest" time="0.002"/>
  <testcase name="actualizarEstadoEnvioInexistente()" classname="com.example.finalProject.Services.EnvioServiceTest" time="0.003"/>
  <testcase name="obtenerEnvios()" classname="com.example.finalProject.Services.EnvioServiceTest" time="0.002"/>
  <testcase name="obtenerEnviosPorEstadoEnvioEmpleadoNoExiste()" classname="com.example.finalProject.Services.EnvioServiceTest" time="0.003"/>
  <testcase name="obtenerEnviosPorCedula()" classname="com.example.finalProject.Services.EnvioServiceTest" time="0.003"/>
  <testcase name="actualizarEstadoEnvioEntregado()" classname="com.example.finalProject.Services.EnvioServiceTest" time="0.003"/>
  <testcase name="crearEnvio()" classname="com.example.finalProject.Services.EnvioServiceTest" time="0.005"/>
  <testcase name="actualizarEstadoEmpleadoConductor()" classname="com.example.finalProject.Services.EnvioServiceTest" time="0.004"/>
  <testcase name="actualizarEstadoEmpleadoInexistente()" classname="com.example.finalProject.Services.EnvioServiceTest" time="0.003"/>
  <testcase name="obtenerEnviosPorEstadoEnvio()" classname="com.example.finalProject.Services.EnvioServiceTest" time="0.003"/>
  <testcase name="crearEnvioClienteNoExiste()" classname="com.example.finalProject.Services.EnvioServiceTest" time="0.003"/>
  <testcase name="obtenerEnviosPorCedulaClienteSinEnvios()" classname="com.example.finalProject.Services.EnvioServiceTest" time="0.004"/>
  <testcase name="obtenerEnvioPorCedulaInexistente()" classname="com.example.finalProject.Services.EnvioServiceTest" time="0.004"/>
  <system-out><![CDATA[]]></system-out>
  <system-err><![CDATA[]]></system-err>
</testsuite>
