<?xml version="1.0" encoding="UTF-8"?>
<testsuite name="com.example.finalProject.Services.EmpleadoServiceTest" tests="4" skipped="0" failures="0" errors="0" timestamp="2023-04-21T08:18:20" hostname="DIANIS" time="0.062">
  <properties/>
  <testcase name="obtenerEmpleados()" classname="com.example.finalProject.Services.EmpleadoServiceTest" time="0.055"/>
  <testcase name="eliminarEmpleadoExiste()" classname="com.example.finalProject.Services.EmpleadoServiceTest" time="0.002"/>
  <testcase name="crearEmpleado()" classname="com.example.finalProject.Services.EmpleadoServiceTest" time="0.0"/>
  <testcase name="verificarEmpleadoExiste()" classname="com.example.finalProject.Services.EmpleadoServiceTest" time="0.002"/>
  <system-out><![CDATA[]]></system-out>
  <system-err><![CDATA[]]></system-err>
</testsuite>
