<?xml version="1.0" encoding="UTF-8"?>
<testsuite name="com.example.finalProject.Services.EmpleadoServiceTest" tests="4" skipped="0" failures="0" errors="0" timestamp="2023-04-21T07:23:16" hostname="DIANIS" time="0.105">
  <properties/>
  <testcase name="obtenerEmpleados()" classname="com.example.finalProject.Services.EmpleadoServiceTest" time="0.082"/>
  <testcase name="eliminarEmpleadoExiste()" classname="com.example.finalProject.Services.EmpleadoServiceTest" time="0.006"/>
  <testcase name="crearEmpleado()" classname="com.example.finalProject.Services.EmpleadoServiceTest" time="0.001"/>
  <testcase name="verificarEmpleadoExiste()" classname="com.example.finalProject.Services.EmpleadoServiceTest" time="0.005"/>
  <system-out><![CDATA[]]></system-out>
  <system-err><![CDATA[]]></system-err>
</testsuite>
