<?xml version="1.0" encoding="UTF-8"?>
<testsuite name="com.example.finalProject.Services.PaqueteServiceTest" tests="2" skipped="0" failures="0" errors="0" timestamp="2023-04-21T01:09:47" hostname="DIANIS" time="0.005">
  <properties/>
  <testcase name="calcularTipo()" classname="com.example.finalProject.Services.PaqueteServiceTest" time="0.002"/>
  <testcase name="crearPaquete()" classname="com.example.finalProject.Services.PaqueteServiceTest" time="0.001"/>
  <system-out><![CDATA[]]></system-out>
  <system-err><![CDATA[]]></system-err>
</testsuite>
