<?xml version="1.0" encoding="UTF-8"?>
<testsuite name="com.example.finalProject.Services.Tests" tests="1" skipped="0" failures="0" errors="0" timestamp="2023-04-21T01:09:47" hostname="DIANIS" time="0.004">
  <properties/>
  <testcase name="crearCliente()" classname="com.example.finalProject.Services.Tests" time="0.004"/>
  <system-out><![CDATA[]]></system-out>
  <system-err><![CDATA[]]></system-err>
</testsuite>
