<?xml version="1.0" encoding="UTF-8"?>
<testsuite name="com.example.finalProject.Services.ClienteServiceTest" tests="11" skipped="0" failures="0" errors="0" timestamp="2023-05-04T23:23:03" hostname="DIANIS" time="0.397">
  <properties/>
  <testcase name="crearCliente()" classname="com.example.finalProject.Services.ClienteServiceTest" time="0.337"/>
  <testcase name="actualizarClienteInexistente()" classname="com.example.finalProject.Services.ClienteServiceTest" time="0.012"/>
  <testcase name="ActualizarCliente()" classname="com.example.finalProject.Services.ClienteServiceTest" time="0.003"/>
  <testcase name="eliminarCliente()" classname="com.example.finalProject.Services.ClienteServiceTest" time="0.01"/>
  <testcase name="verificarClienteExiste()" classname="com.example.finalProject.Services.ClienteServiceTest" time="0.004"/>
  <testcase name="obtenerClienteCedulaInexistente()" classname="com.example.finalProject.Services.ClienteServiceTest" time="0.004"/>
  <testcase name="obtenerClientes()" classname="com.example.finalProject.Services.ClienteServiceTest" time="0.002"/>
  <testcase name="crearClienteCedulaExistente()" classname="com.example.finalProject.Services.ClienteServiceTest" time="0.003"/>
  <testcase name="obtenerClienteCedula()" classname="com.example.finalProject.Services.ClienteServiceTest" time="0.002"/>
  <testcase name="crearClienteCorreoIncorrecto()" classname="com.example.finalProject.Services.ClienteServiceTest" time="0.003"/>
  <testcase name="crearClienteCedulaIncorrecta()" classname="com.example.finalProject.Services.ClienteServiceTest" time="0.003"/>
  <system-out><![CDATA[]]></system-out>
  <system-err><![CDATA[]]></system-err>
</testsuite>
