<?xml version="1.0" encoding="UTF-8"?>
<testsuite name="com.example.finalProject.FinalProjectApplicationTests" tests="1" skipped="0" failures="0" errors="0" timestamp="2023-04-21T05:17:25" hostname="DIANIS" time="0.361">
  <properties/>
  <testcase name="contextLoads()" classname="com.example.finalProject.FinalProjectApplicationTests" time="0.361"/>
  <system-out><![CDATA[00:17:13.191 [Test worker] DEBUG org.springframework.test.context.BootstrapUtils - Instantiating CacheAwareContextLoaderDelegate from class [org.springframework.test.context.cache.DefaultCacheAwareContextLoaderDelegate]
00:17:13.208 [Test worker] DEBUG org.springframework.test.context.BootstrapUtils - Instantiating BootstrapContext using constructor [public org.springframework.test.context.support.DefaultBootstrapContext(java.lang.Class,org.springframework.test.context.CacheAwareContextLoaderDelegate)]
00:17:13.260 [Test worker] DEBUG org.springframework.test.context.BootstrapUtils - Instantiating TestContextBootstrapper for test class [com.example.finalProject.FinalProjectApplicationTests] from class [org.springframework.boot.test.context.SpringBootTestContextBootstrapper]
00:17:13.275 [Test worker] INFO org.springframework.boot.test.context.SpringBootTestContextBootstrapper - Neither @ContextConfiguration nor @ContextHierarchy found for test class [com.example.finalProject.FinalProjectApplicationTests], using SpringBootContextLoader
00:17:13.282 [Test worker] DEBUG org.springframework.test.context.support.AbstractContextLoader - Did not detect default resource location for test class [com.example.finalProject.FinalProjectApplicationTests]: class path resource [com/example/finalProject/FinalProjectApplicationTests-context.xml] does not exist
00:17:13.282 [Test worker] DEBUG org.springframework.test.context.support.AbstractContextLoader - Did not detect default resource location for test class [com.example.finalProject.FinalProjectApplicationTests]: class path resource [com/example/finalProject/FinalProjectApplicationTestsContext.groovy] does not exist
00:17:13.283 [Test worker] INFO org.springframework.test.context.support.AbstractContextLoader - Could not detect default resource locations for test class [com.example.finalProject.FinalProjectApplicationTests]: no resource found for suffixes {-context.xml, Context.groovy}.
00:17:13.283 [Test worker] INFO org.springframework.test.context.support.AnnotationConfigContextLoaderUtils - Could not detect default configuration classes for test class [com.example.finalProject.FinalProjectApplicationTests]: FinalProjectApplicationTests does not declare any static, non-private, non-final, nested classes annotated with @Configuration.
00:17:13.381 [Test worker] DEBUG org.springframework.test.context.support.ActiveProfilesUtils - Could not find an 'annotation declaring class' for annotation type [org.springframework.test.context.ActiveProfiles] and class [com.example.finalProject.FinalProjectApplicationTests]
00:17:13.543 [Test worker] DEBUG org.springframework.context.annotation.ClassPathScanningCandidateComponentProvider - Identified candidate component class: file [C:\Users\Dianita LaHuerfanita\Documents\makaia\finalProject\build\classes\java\main\com\example\finalProject\FinalProjectApplication.class]
00:17:13.545 [Test worker] INFO org.springframework.boot.test.context.SpringBootTestContextBootstrapper - Found @SpringBootConfiguration com.example.finalProject.FinalProjectApplication for test class com.example.finalProject.FinalProjectApplicationTests
00:17:13.814 [Test worker] DEBUG org.springframework.boot.test.context.SpringBootTestContextBootstrapper - @TestExecutionListeners is not present for class [com.example.finalProject.FinalProjectApplicationTests]: using defaults.
00:17:13.815 [Test worker] INFO org.springframework.boot.test.context.SpringBootTestContextBootstrapper - Loaded default TestExecutionListener class names from location [META-INF/spring.factories]: [org.springframework.boot.test.autoconfigure.restdocs.RestDocsTestExecutionListener, org.springframework.boot.test.autoconfigure.web.client.MockRestServiceServerResetTestExecutionListener, org.springframework.boot.test.autoconfigure.web.servlet.MockMvcPrintOnlyOnFailureTestExecutionListener, org.springframework.boot.test.autoconfigure.web.servlet.WebDriverTestExecutionListener, org.springframework.boot.test.autoconfigure.webservices.client.MockWebServiceServerTestExecutionListener, org.springframework.boot.test.mock.mockito.MockitoTestExecutionListener, org.springframework.boot.test.mock.mockito.ResetMocksTestExecutionListener, org.springframework.test.context.web.ServletTestExecutionListener, org.springframework.test.context.support.DirtiesContextBeforeModesTestExecutionListener, org.springframework.test.context.event.ApplicationEventsTestExecutionListener, org.springframework.test.context.support.DependencyInjectionTestExecutionListener, org.springframework.test.context.support.DirtiesContextTestExecutionListener, org.springframework.test.context.transaction.TransactionalTestExecutionListener, org.springframework.test.context.jdbc.SqlScriptsTestExecutionListener, org.springframework.test.context.event.EventPublishingTestExecutionListener]
00:17:13.854 [Test worker] INFO org.springframework.boot.test.context.SpringBootTestContextBootstrapper - Using TestExecutionListeners: [org.springframework.test.context.web.ServletTestExecutionListener@5471388b, org.springframework.test.context.support.DirtiesContextBeforeModesTestExecutionListener@66ea1466, org.springframework.test.context.event.ApplicationEventsTestExecutionListener@1601e47, org.springframework.boot.test.mock.mockito.MockitoTestExecutionListener@3bffddff, org.springframework.boot.test.autoconfigure.SpringBootDependencyInjectionTestExecutionListener@66971f6b, org.springframework.test.context.support.DirtiesContextTestExecutionListener@50687efb, org.springframework.test.context.transaction.TransactionalTestExecutionListener@517bd097, org.springframework.test.context.jdbc.SqlScriptsTestExecutionListener@142eef62, org.springframework.test.context.event.EventPublishingTestExecutionListener@4a9cc6cb, org.springframework.boot.test.autoconfigure.restdocs.RestDocsTestExecutionListener@5990e6c5, org.springframework.boot.test.autoconfigure.web.client.MockRestServiceServerResetTestExecutionListener@56e07a08, org.springframework.boot.test.autoconfigure.web.servlet.MockMvcPrintOnlyOnFailureTestExecutionListener@35d6ca49, org.springframework.boot.test.autoconfigure.web.servlet.WebDriverTestExecutionListener@1950e8a6, org.springframework.boot.test.autoconfigure.webservices.client.MockWebServiceServerTestExecutionListener@47289387, org.springframework.boot.test.mock.mockito.ResetMocksTestExecutionListener@12cd9150]
00:17:13.860 [Test worker] DEBUG org.springframework.test.context.support.AbstractDirtiesContextTestExecutionListener - Before test class: context [DefaultTestContext@53499d85 testClass = FinalProjectApplicationTests, testInstance = [null], testMethod = [null], testException = [null], mergedContextConfiguration = [WebMergedContextConfiguration@30ed9c6c testClass = FinalProjectApplicationTests, locations = '{}', classes = '{class com.example.finalProject.FinalProjectApplication}', contextInitializerClasses = '[]', activeProfiles = '{}', propertySourceLocations = '{}', propertySourceProperties = '{org.springframework.boot.test.context.SpringBootTestContextBootstrapper=true}', contextCustomizers = set[org.springframework.boot.test.autoconfigure.actuate.metrics.MetricsExportContextCustomizerFactory$DisableMetricExportContextCustomizer@7f36662c, org.springframework.boot.test.autoconfigure.properties.PropertyMappingContextCustomizer@0, org.springframework.boot.test.autoconfigure.web.servlet.WebDriverContextCustomizerFactory$Customizer@53d102a2, org.springframework.boot.test.context.filter.ExcludeFilterContextCustomizer@42463763, org.springframework.boot.test.json.DuplicateJsonObjectContextCustomizerFactory$DuplicateJsonObjectContextCustomizer@67c2e933, org.springframework.boot.test.mock.mockito.MockitoContextCustomizer@0, org.springframework.boot.test.web.client.TestRestTemplateContextCustomizer@fc258b1, org.springframework.boot.test.context.SpringBootTestArgs@1, org.springframework.boot.test.context.SpringBootTestWebEnvironment@3cebbb30], resourceBasePath = 'src/main/webapp', contextLoader = 'org.springframework.boot.test.context.SpringBootContextLoader', parent = [null]], attributes = map['org.springframework.test.context.web.ServletTestExecutionListener.activateListener' -> true]], class annotated with @DirtiesContext [false] with mode [null].

  .   ____          _            __ _ _
 /\\ / ___'_ __ _ _(_)_ __  __ _ \ \ \ \
( ( )\___ | '_ | '_| | '_ \/ _` | \ \ \ \
 \\/  ___)| |_)| | | | | || (_| |  ) ) ) )
  '  |____| .__|_| |_|_| |_\__, | / / / /
 =========|_|==============|___/=/_/_/_/
 :: Spring Boot ::      (v2.7.10-SNAPSHOT)

2023-04-21 00:17:14.430  INFO 18140 --- [    Test worker] c.e.f.FinalProjectApplicationTests       : Starting FinalProjectApplicationTests using Java 17.0.6 on DIANIS with PID 18140 (started by Dianita LaHuerfanita in C:\Users\Dianita LaHuerfanita\Documents\makaia\finalProject)
2023-04-21 00:17:14.432  INFO 18140 --- [    Test worker] c.e.f.FinalProjectApplicationTests       : No active profile set, falling back to 1 default profile: "default"
2023-04-21 00:17:16.252  INFO 18140 --- [    Test worker] .s.d.r.c.RepositoryConfigurationDelegate : Bootstrapping Spring Data JPA repositories in DEFAULT mode.
2023-04-21 00:17:16.404  INFO 18140 --- [    Test worker] .s.d.r.c.RepositoryConfigurationDelegate : Finished Spring Data repository scanning in 134 ms. Found 4 JPA repository interfaces.
2023-04-21 00:17:17.742  INFO 18140 --- [    Test worker] o.hibernate.jpa.internal.util.LogHelper  : HHH000204: Processing PersistenceUnitInfo [name: default]
2023-04-21 00:17:17.951  INFO 18140 --- [    Test worker] org.hibernate.Version                    : HHH000412: Hibernate ORM core version 5.6.15.Final
2023-04-21 00:17:18.470  INFO 18140 --- [    Test worker] o.hibernate.annotations.common.Version   : HCANN000001: Hibernate Commons Annotations {5.1.2.Final}
2023-04-21 00:17:18.663  INFO 18140 --- [    Test worker] com.zaxxer.hikari.HikariDataSource       : HikariPool-1 - Starting...
2023-04-21 00:17:19.220  INFO 18140 --- [    Test worker] com.zaxxer.hikari.HikariDataSource       : HikariPool-1 - Start completed.
2023-04-21 00:17:19.282  INFO 18140 --- [    Test worker] org.hibernate.dialect.Dialect            : HHH000400: Using dialect: org.hibernate.dialect.MySQL8Dialect
2023-04-21 00:17:20.976  INFO 18140 --- [    Test worker] o.h.e.t.j.p.i.JtaPlatformInitiator       : HHH000490: Using JtaPlatform implementation: [org.hibernate.engine.transaction.jta.platform.internal.NoJtaPlatform]
2023-04-21 00:17:20.990  INFO 18140 --- [    Test worker] j.LocalContainerEntityManagerFactoryBean : Initialized JPA EntityManagerFactory for persistence unit 'default'
2023-04-21 00:17:22.638  WARN 18140 --- [    Test worker] JpaBaseConfiguration$JpaWebConfiguration : spring.jpa.open-in-view is enabled by default. Therefore, database queries may be performed during view rendering. Explicitly configure spring.jpa.open-in-view to disable this warning
2023-04-21 00:17:23.720  INFO 18140 --- [    Test worker] o.s.s.web.DefaultSecurityFilterChain     : Will secure any request with [org.springframework.security.web.session.DisableEncodeUrlFilter@554db19d, org.springframework.security.web.context.request.async.WebAsyncManagerIntegrationFilter@bb896e9, org.springframework.security.web.context.SecurityContextPersistenceFilter@5ff12345, org.springframework.security.web.header.HeaderWriterFilter@7ceb7a60, org.springframework.security.web.authentication.logout.LogoutFilter@121f97fb, org.springframework.security.web.authentication.www.BasicAuthenticationFilter@25cef4b3, org.springframework.security.web.savedrequest.RequestCacheAwareFilter@2a9fd482, org.springframework.security.web.servletapi.SecurityContextHolderAwareRequestFilter@7ca2319f, org.springframework.security.web.authentication.AnonymousAuthenticationFilter@4fe4b8b6, org.springframework.security.web.session.SessionManagementFilter@137db13f, org.springframework.security.web.access.ExceptionTranslationFilter@66011fbc, org.springframework.security.web.access.intercept.AuthorizationFilter@1d7f2719]
2023-04-21 00:17:25.577  INFO 18140 --- [    Test worker] c.e.f.FinalProjectApplicationTests       : Started FinalProjectApplicationTests in 11.649 seconds (JVM running for 14.094)
]]></system-out>
  <system-err><![CDATA[]]></system-err>
</testsuite>
