<?xml version="1.0" encoding="UTF-8"?>
<testsuite name="com.example.finalProject.Services.EmpleadoServiceTest" tests="4" skipped="0" failures="0" errors="0" timestamp="2023-04-21T05:17:26" hostname="DIANIS" time="0.049">
  <properties/>
  <testcase name="obtenerEmpleados()" classname="com.example.finalProject.Services.EmpleadoServiceTest" time="0.04"/>
  <testcase name="eliminarEmpleadoExiste()" classname="com.example.finalProject.Services.EmpleadoServiceTest" time="0.003"/>
  <testcase name="crearEmpleado()" classname="com.example.finalProject.Services.EmpleadoServiceTest" time="0.001"/>
  <testcase name="verificarEmpleadoExiste()" classname="com.example.finalProject.Services.EmpleadoServiceTest" time="0.003"/>
  <system-out><![CDATA[]]></system-out>
  <system-err><![CDATA[]]></system-err>
</testsuite>
