<?xml version="1.0" encoding="UTF-8"?>
<testsuite name="com.example.finalProject.FinalProjectApplicationTests" tests="1" skipped="0" failures="0" errors="0" timestamp="2023-05-04T23:23:03" hostname="DIANIS" time="0.277">
  <properties/>
  <testcase name="contextLoads()" classname="com.example.finalProject.FinalProjectApplicationTests" time="0.277"/>
  <system-out><![CDATA[18:22:48.373 [Test worker] DEBUG org.springframework.test.context.BootstrapUtils - Instantiating CacheAwareContextLoaderDelegate from class [org.springframework.test.context.cache.DefaultCacheAwareContextLoaderDelegate]
18:22:48.388 [Test worker] DEBUG org.springframework.test.context.BootstrapUtils - Instantiating BootstrapContext using constructor [public org.springframework.test.context.support.DefaultBootstrapContext(java.lang.Class,org.springframework.test.context.CacheAwareContextLoaderDelegate)]
18:22:48.433 [Test worker] DEBUG org.springframework.test.context.BootstrapUtils - Instantiating TestContextBootstrapper for test class [com.example.finalProject.FinalProjectApplicationTests] from class [org.springframework.boot.test.context.SpringBootTestContextBootstrapper]
18:22:48.448 [Test worker] INFO org.springframework.boot.test.context.SpringBootTestContextBootstrapper - Neither @ContextConfiguration nor @ContextHierarchy found for test class [com.example.finalProject.FinalProjectApplicationTests], using SpringBootContextLoader
18:22:48.455 [Test worker] DEBUG org.springframework.test.context.support.AbstractContextLoader - Did not detect default resource location for test class [com.example.finalProject.FinalProjectApplicationTests]: class path resource [com/example/finalProject/FinalProjectApplicationTests-context.xml] does not exist
18:22:48.456 [Test worker] DEBUG org.springframework.test.context.support.AbstractContextLoader - Did not detect default resource location for test class [com.example.finalProject.FinalProjectApplicationTests]: class path resource [com/example/finalProject/FinalProjectApplicationTestsContext.groovy] does not exist
18:22:48.456 [Test worker] INFO org.springframework.test.context.support.AbstractContextLoader - Could not detect default resource locations for test class [com.example.finalProject.FinalProjectApplicationTests]: no resource found for suffixes {-context.xml, Context.groovy}.
18:22:48.457 [Test worker] INFO org.springframework.test.context.support.AnnotationConfigContextLoaderUtils - Could not detect default configuration classes for test class [com.example.finalProject.FinalProjectApplicationTests]: FinalProjectApplicationTests does not declare any static, non-private, non-final, nested classes annotated with @Configuration.
18:22:48.537 [Test worker] DEBUG org.springframework.test.context.support.ActiveProfilesUtils - Could not find an 'annotation declaring class' for annotation type [org.springframework.test.context.ActiveProfiles] and class [com.example.finalProject.FinalProjectApplicationTests]
18:22:48.618 [Test worker] DEBUG org.springframework.context.annotation.ClassPathScanningCandidateComponentProvider - Identified candidate component class: file [C:\Users\Dianita LaHuerfanita\Documents\makaia\finalProject\build\classes\java\main\com\example\finalProject\FinalProjectApplication.class]
18:22:48.620 [Test worker] INFO org.springframework.boot.test.context.SpringBootTestContextBootstrapper - Found @SpringBootConfiguration com.example.finalProject.FinalProjectApplication for test class com.example.finalProject.FinalProjectApplicationTests
18:22:48.774 [Test worker] DEBUG org.springframework.boot.test.context.SpringBootTestContextBootstrapper - @TestExecutionListeners is not present for class [com.example.finalProject.FinalProjectApplicationTests]: using defaults.
18:22:48.775 [Test worker] INFO org.springframework.boot.test.context.SpringBootTestContextBootstrapper - Loaded default TestExecutionListener class names from location [META-INF/spring.factories]: [org.springframework.boot.test.autoconfigure.restdocs.RestDocsTestExecutionListener, org.springframework.boot.test.autoconfigure.web.client.MockRestServiceServerResetTestExecutionListener, org.springframework.boot.test.autoconfigure.web.servlet.MockMvcPrintOnlyOnFailureTestExecutionListener, org.springframework.boot.test.autoconfigure.web.servlet.WebDriverTestExecutionListener, org.springframework.boot.test.autoconfigure.webservices.client.MockWebServiceServerTestExecutionListener, org.springframework.boot.test.mock.mockito.MockitoTestExecutionListener, org.springframework.boot.test.mock.mockito.ResetMocksTestExecutionListener, org.springframework.test.context.web.ServletTestExecutionListener, org.springframework.test.context.support.DirtiesContextBeforeModesTestExecutionListener, org.springframework.test.context.event.ApplicationEventsTestExecutionListener, org.springframework.test.context.support.DependencyInjectionTestExecutionListener, org.springframework.test.context.support.DirtiesContextTestExecutionListener, org.springframework.test.context.transaction.TransactionalTestExecutionListener, org.springframework.test.context.jdbc.SqlScriptsTestExecutionListener, org.springframework.test.context.event.EventPublishingTestExecutionListener]
18:22:48.795 [Test worker] INFO org.springframework.boot.test.context.SpringBootTestContextBootstrapper - Using TestExecutionListeners: [org.springframework.test.context.web.ServletTestExecutionListener@251ebf23, org.springframework.test.context.support.DirtiesContextBeforeModesTestExecutionListener@29b732a2, org.springframework.test.context.event.ApplicationEventsTestExecutionListener@1b70203f, org.springframework.boot.test.mock.mockito.MockitoTestExecutionListener@51671b08, org.springframework.boot.test.autoconfigure.SpringBootDependencyInjectionTestExecutionListener@15051a0, org.springframework.test.context.support.DirtiesContextTestExecutionListener@1162410a, org.springframework.test.context.transaction.TransactionalTestExecutionListener@b09fac1, org.springframework.test.context.jdbc.SqlScriptsTestExecutionListener@62df0ff3, org.springframework.test.context.event.EventPublishingTestExecutionListener@61019f59, org.springframework.boot.test.autoconfigure.restdocs.RestDocsTestExecutionListener@62e8f862, org.springframework.boot.test.autoconfigure.web.client.MockRestServiceServerResetTestExecutionListener@26f3d90c, org.springframework.boot.test.autoconfigure.web.servlet.MockMvcPrintOnlyOnFailureTestExecutionListener@3c49fab6, org.springframework.boot.test.autoconfigure.web.servlet.WebDriverTestExecutionListener@515f4131, org.springframework.boot.test.autoconfigure.webservices.client.MockWebServiceServerTestExecutionListener@74518890, org.springframework.boot.test.mock.mockito.ResetMocksTestExecutionListener@4c5204af]
18:22:48.800 [Test worker] DEBUG org.springframework.test.context.support.AbstractDirtiesContextTestExecutionListener - Before test class: context [DefaultTestContext@7e11ab3d testClass = FinalProjectApplicationTests, testInstance = [null], testMethod = [null], testException = [null], mergedContextConfiguration = [WebMergedContextConfiguration@5fa47fea testClass = FinalProjectApplicationTests, locations = '{}', classes = '{class com.example.finalProject.FinalProjectApplication}', contextInitializerClasses = '[]', activeProfiles = '{}', propertySourceLocations = '{}', propertySourceProperties = '{org.springframework.boot.test.context.SpringBootTestContextBootstrapper=true}', contextCustomizers = set[org.springframework.boot.test.autoconfigure.actuate.metrics.MetricsExportContextCustomizerFactory$DisableMetricExportContextCustomizer@9ed238c, org.springframework.boot.test.autoconfigure.properties.PropertyMappingContextCustomizer@0, org.springframework.boot.test.autoconfigure.web.servlet.WebDriverContextCustomizerFactory$Customizer@71984c3, org.springframework.boot.test.context.filter.ExcludeFilterContextCustomizer@2364305a, org.springframework.boot.test.json.DuplicateJsonObjectContextCustomizerFactory$DuplicateJsonObjectContextCustomizer@3f1c5af9, org.springframework.boot.test.mock.mockito.MockitoContextCustomizer@0, org.springframework.boot.test.web.client.TestRestTemplateContextCustomizer@58bf8650, org.springframework.boot.test.context.SpringBootTestArgs@1, org.springframework.boot.test.context.SpringBootTestWebEnvironment@266374ef], resourceBasePath = 'src/main/webapp', contextLoader = 'org.springframework.boot.test.context.SpringBootContextLoader', parent = [null]], attributes = map['org.springframework.test.context.web.ServletTestExecutionListener.activateListener' -> true]], class annotated with @DirtiesContext [false] with mode [null].

  .   ____          _            __ _ _
 /\\ / ___'_ __ _ _(_)_ __  __ _ \ \ \ \
( ( )\___ | '_ | '_| | '_ \/ _` | \ \ \ \
 \\/  ___)| |_)| | | | | || (_| |  ) ) ) )
  '  |____| .__|_| |_|_| |_\__, | / / / /
 =========|_|==============|___/=/_/_/_/
 :: Spring Boot ::      (v2.7.10-SNAPSHOT)

2023-05-04 18:22:49.331  INFO 27132 --- [    Test worker] c.e.f.FinalProjectApplicationTests       : Starting FinalProjectApplicationTests using Java 11.0.17 on DIANIS with PID 27132 (started by Dianita LaHuerfanita in C:\Users\Dianita LaHuerfanita\Documents\makaia\finalProject)
2023-05-04 18:22:49.339  INFO 27132 --- [    Test worker] c.e.f.FinalProjectApplicationTests       : No active profile set, falling back to 1 default profile: "default"
2023-05-04 18:22:50.879  INFO 27132 --- [    Test worker] .s.d.r.c.RepositoryConfigurationDelegate : Bootstrapping Spring Data JPA repositories in DEFAULT mode.
2023-05-04 18:22:50.979  INFO 27132 --- [    Test worker] .s.d.r.c.RepositoryConfigurationDelegate : Finished Spring Data repository scanning in 87 ms. Found 4 JPA repository interfaces.
2023-05-04 18:22:52.047  INFO 27132 --- [    Test worker] o.hibernate.jpa.internal.util.LogHelper  : HHH000204: Processing PersistenceUnitInfo [name: default]
2023-05-04 18:22:52.191  INFO 27132 --- [    Test worker] org.hibernate.Version                    : HHH000412: Hibernate ORM core version 5.6.15.Final
2023-05-04 18:22:52.625  INFO 27132 --- [    Test worker] o.hibernate.annotations.common.Version   : HCANN000001: Hibernate Commons Annotations {5.1.2.Final}
2023-05-04 18:22:52.812  INFO 27132 --- [    Test worker] com.zaxxer.hikari.HikariDataSource       : HikariPool-1 - Starting...
2023-05-04 18:22:54.641  INFO 27132 --- [    Test worker] com.zaxxer.hikari.HikariDataSource       : HikariPool-1 - Start completed.
2023-05-04 18:22:54.674  INFO 27132 --- [    Test worker] org.hibernate.dialect.Dialect            : HHH000400: Using dialect: org.hibernate.dialect.MySQL8Dialect
2023-05-04 18:22:57.666  INFO 27132 --- [    Test worker] o.h.e.t.j.p.i.JtaPlatformInitiator       : HHH000490: Using JtaPlatform implementation: [org.hibernate.engine.transaction.jta.platform.internal.NoJtaPlatform]
2023-05-04 18:22:57.726  INFO 27132 --- [    Test worker] j.LocalContainerEntityManagerFactoryBean : Initialized JPA EntityManagerFactory for persistence unit 'default'
2023-05-04 18:22:59.704  WARN 27132 --- [    Test worker] JpaBaseConfiguration$JpaWebConfiguration : spring.jpa.open-in-view is enabled by default. Therefore, database queries may be performed during view rendering. Explicitly configure spring.jpa.open-in-view to disable this warning
2023-05-04 18:23:00.960  INFO 27132 --- [    Test worker] o.s.s.web.DefaultSecurityFilterChain     : Will secure any request with [org.springframework.security.web.session.DisableEncodeUrlFilter@124b8fe9, org.springframework.security.web.context.request.async.WebAsyncManagerIntegrationFilter@37d50217, org.springframework.security.web.context.SecurityContextPersistenceFilter@78c9c38a, org.springframework.security.web.header.HeaderWriterFilter@37e967df, org.springframework.security.web.authentication.logout.LogoutFilter@2e268c19, org.springframework.security.web.authentication.www.BasicAuthenticationFilter@5e2525fe, org.springframework.security.web.savedrequest.RequestCacheAwareFilter@215efb16, org.springframework.security.web.servletapi.SecurityContextHolderAwareRequestFilter@9423344, org.springframework.security.web.authentication.AnonymousAuthenticationFilter@3e9e7a70, org.springframework.security.web.session.SessionManagementFilter@12d33d7a, org.springframework.security.web.access.ExceptionTranslationFilter@2e214d39, org.springframework.security.web.access.intercept.AuthorizationFilter@3f13720f]
2023-05-04 18:23:03.269  INFO 27132 --- [    Test worker] c.e.f.FinalProjectApplicationTests       : Started FinalProjectApplicationTests in 14.423 seconds (JVM running for 16.706)
]]></system-out>
  <system-err><![CDATA[]]></system-err>
</testsuite>
